-------------------------------------------------------------------------------
Test set: FornecedorTest
-------------------------------------------------------------------------------
Tests run: 17, Failures: 6, Errors: 0, Skipped: 0, Time elapsed: 0.04 sec <<< FAILURE!
FornecedorTest.testSetFaturas1()  Time elapsed: 0.001 sec  <<< FAILURE!
org.opentest4j.AssertionFailedError: expected: <{2023=[Fatura{NIF=0, valorFaturação=0.0, data_inicio=2023-05-12, data_fim=2023-05-12}
]}> but was: <{}>
	at org.junit.jupiter.api.AssertionFailureBuilder.build(AssertionFailureBuilder.java:151)
	at org.junit.jupiter.api.AssertionFailureBuilder.buildAndThrow(AssertionFailureBuilder.java:132)
	at org.junit.jupiter.api.AssertEquals.failNotEqual(AssertEquals.java:197)
	at org.junit.jupiter.api.AssertEquals.assertEquals(AssertEquals.java:182)
	at org.junit.jupiter.api.AssertEquals.assertEquals(AssertEquals.java:177)
	at org.junit.jupiter.api.Assertions.assertEquals(Assertions.java:1142)
	at FornecedorTest.testSetFaturas1(FornecedorTest.java:173)

FornecedorTest.testSetFaturas2()  Time elapsed: 0.01 sec  <<< FAILURE!
org.opentest4j.AssertionFailedError: expected: <{2023=[Fatura{NIF=0, valorFaturação=0.0, data_inicio=2023-05-12, data_fim=2023-05-12}
]}> but was: <{}>
	at org.junit.jupiter.api.AssertionFailureBuilder.build(AssertionFailureBuilder.java:151)
	at org.junit.jupiter.api.AssertionFailureBuilder.buildAndThrow(AssertionFailureBuilder.java:132)
	at org.junit.jupiter.api.AssertEquals.failNotEqual(AssertEquals.java:197)
	at org.junit.jupiter.api.AssertEquals.assertEquals(AssertEquals.java:182)
	at org.junit.jupiter.api.AssertEquals.assertEquals(AssertEquals.java:177)
	at org.junit.jupiter.api.Assertions.assertEquals(Assertions.java:1142)
	at FornecedorTest.testSetFaturas2(FornecedorTest.java:187)

FornecedorTest.testGetFaturasDoNIF1()  Time elapsed: 0.001 sec  <<< FAILURE!
java.lang.NullPointerException: Cannot invoke "java.util.List.stream()" because the return value of "java.util.Map.get(Object)" is null
	at org.example.Fornecedor.Fornecedor.getFaturasDoNIF(Fornecedor.java:113)
	at FornecedorTest.testGetFaturasDoNIF1(FornecedorTest.java:203)

FornecedorTest.testGetFaturasDoNIF2()  Time elapsed: 0.001 sec  <<< FAILURE!
java.lang.NullPointerException: Cannot invoke "java.util.List.stream()" because the return value of "java.util.Map.get(Object)" is null
	at org.example.Fornecedor.Fornecedor.getFaturasDoNIF(Fornecedor.java:113)
	at FornecedorTest.testGetFaturasDoNIF2(FornecedorTest.java:222)

FornecedorTest.testTemFaturas1()  Time elapsed: 0.002 sec  <<< FAILURE!
org.opentest4j.AssertionFailedError: expected: <true> but was: <false>
	at org.junit.jupiter.api.AssertionFailureBuilder.build(AssertionFailureBuilder.java:151)
	at org.junit.jupiter.api.AssertionFailureBuilder.buildAndThrow(AssertionFailureBuilder.java:132)
	at org.junit.jupiter.api.AssertTrue.failNotTrue(AssertTrue.java:63)
	at org.junit.jupiter.api.AssertTrue.assertTrue(AssertTrue.java:36)
	at org.junit.jupiter.api.AssertTrue.assertTrue(AssertTrue.java:31)
	at org.junit.jupiter.api.Assertions.assertTrue(Assertions.java:180)
	at FornecedorTest.testTemFaturas1(FornecedorTest.java:266)

FornecedorTest.testTemFaturas2()  Time elapsed: 0.001 sec  <<< FAILURE!
org.opentest4j.AssertionFailedError: expected: <true> but was: <false>
	at org.junit.jupiter.api.AssertionFailureBuilder.build(AssertionFailureBuilder.java:151)
	at org.junit.jupiter.api.AssertionFailureBuilder.buildAndThrow(AssertionFailureBuilder.java:132)
	at org.junit.jupiter.api.AssertTrue.failNotTrue(AssertTrue.java:63)
	at org.junit.jupiter.api.AssertTrue.assertTrue(AssertTrue.java:36)
	at org.junit.jupiter.api.AssertTrue.assertTrue(AssertTrue.java:31)
	at org.junit.jupiter.api.Assertions.assertTrue(Assertions.java:180)
	at FornecedorTest.testTemFaturas2(FornecedorTest.java:283)

