-------------------------------------------------------------------------------
Test set: SistemaTest
-------------------------------------------------------------------------------
Tests run: 8, Failures: 8, Errors: 0, Skipped: 0, Time elapsed: 0.019 sec <<< FAILURE!
SistemaTest.testGetListaCasas()  Time elapsed: 0 sec  <<< FAILURE!
java.lang.NullPointerException: Cannot invoke "org.example.Sistema.Sistema.getListaCasas()" because "this.sistema" is null
	at SistemaTest.testGetListaCasas(SistemaTest.java:27)

SistemaTest.testSetListaCasas()  Time elapsed: 0 sec  <<< FAILURE!
java.lang.NullPointerException: Cannot invoke "java.util.HashMap.put(Object, Object)" because "this.listaCasas" is null
	at SistemaTest.testSetListaCasas(SistemaTest.java:36)

SistemaTest.testGetListaFornecedores()  Time elapsed: 0 sec  <<< FAILURE!
java.lang.NullPointerException: Cannot invoke "org.example.Sistema.Sistema.getListaFornecedores()" because "this.sistema" is null
	at SistemaTest.testGetListaFornecedores(SistemaTest.java:47)

SistemaTest.testGetTime()  Time elapsed: 0 sec  <<< FAILURE!
java.lang.NullPointerException: Cannot invoke "org.example.Sistema.Sistema.getTime()" because "this.sistema" is null
	at SistemaTest.testGetTime(SistemaTest.java:55)

SistemaTest.testSetTime()  Time elapsed: 0.007 sec  <<< FAILURE!
java.lang.NullPointerException: Cannot invoke "org.example.Sistema.Sistema.setTime(java.time.LocalDate)" because "this.sistema" is null
	at SistemaTest.testSetTime(SistemaTest.java:63)

SistemaTest.testGetNrCasasInteligentes()  Time elapsed: 0.002 sec  <<< FAILURE!
java.lang.NullPointerException: Cannot invoke "org.example.Sistema.Sistema.getNrCasasInteligentes()" because "this.sistema" is null
	at SistemaTest.testGetNrCasasInteligentes(SistemaTest.java:71)

SistemaTest.testGetNrFornecedores()  Time elapsed: 0.001 sec  <<< FAILURE!
java.lang.NullPointerException: Cannot invoke "org.example.Sistema.Sistema.getNrFornecedores()" because "this.sistema" is null
	at SistemaTest.testGetNrFornecedores(SistemaTest.java:76)

SistemaTest.testAdicionaDivisao()  Time elapsed: 0.001 sec  <<< FAILURE!
java.lang.NullPointerException: Cannot invoke "java.util.HashMap.put(Object, Object)" because "this.listaCasas" is null
	at SistemaTest.testAdicionaDivisao(SistemaTest.java:83)

