<?xml version="1.0" encoding="UTF-8" ?>
<testsuite tests="17" failures="6" name="FornecedorTest" time="0.027" errors="0" skipped="0">
  <properties>
    <property name="java.runtime.name" value="OpenJDK Runtime Environment"/>
    <property name="java.vm.version" value="17.0.7+7"/>
    <property name="sun.boot.library.path" value="/usr/lib/jvm/java-17-openjdk/lib"/>
    <property name="maven.multiModuleProjectDirectory" value="/home/acmota2/repos/ats2023/ats"/>
    <property name="java.vm.vendor" value="Oracle Corporation"/>
    <property name="java.vendor.url" value="https://openjdk.java.net/"/>
    <property name="guice.disable.misplaced.annotation.check" value="true"/>
    <property name="path.separator" value=":"/>
    <property name="java.vm.name" value="OpenJDK 64-Bit Server VM"/>
    <property name="user.country" value="US"/>
    <property name="sun.java.launcher" value="SUN_STANDARD"/>
    <property name="java.vm.specification.name" value="Java Virtual Machine Specification"/>
    <property name="user.dir" value="/home/acmota2/repos/ats2023/ats"/>
    <property name="java.vm.compressedOopsMode" value="Zero based"/>
    <property name="java.runtime.version" value="17.0.7+7"/>
    <property name="os.arch" value="amd64"/>
    <property name="java.io.tmpdir" value="/tmp"/>
    <property name="line.separator" value="
"/>
    <property name="java.vm.specification.vendor" value="Oracle Corporation"/>
    <property name="os.name" value="Linux"/>
    <property name="classworlds.conf" value="/opt/maven/bin/m2.conf"/>
    <property name="sun.jnu.encoding" value="UTF-8"/>
    <property name="java.library.path" value="/usr/java/packages/lib:/usr/lib64:/lib64:/lib:/usr/lib"/>
    <property name="maven.conf" value="/opt/maven/conf"/>
    <property name="jdk.debug" value="release"/>
    <property name="java.class.version" value="61.0"/>
    <property name="java.specification.name" value="Java Platform API Specification"/>
    <property name="sun.management.compiler" value="HotSpot 64-Bit Tiered Compilers"/>
    <property name="os.version" value="6.2.11-arch1-1"/>
    <property name="library.jansi.path" value="/opt/maven/lib/jansi-native"/>
    <property name="user.home" value="/home/acmota2"/>
    <property name="user.timezone" value="Europe/Lisbon"/>
    <property name="file.encoding" value="UTF-8"/>
    <property name="java.specification.version" value="17"/>
    <property name="user.name" value="acmota2"/>
    <property name="java.class.path" value="/opt/maven/boot/plexus-classworlds-2.6.0.jar"/>
    <property name="java.vm.specification.version" value="17"/>
    <property name="sun.arch.data.model" value="64"/>
    <property name="sun.java.command" value="org.codehaus.plexus.classworlds.launcher.Launcher clean org.jacoco:jacoco-maven-plugin:0.8.8:prepare-agent verify org.jacoco:jacoco-maven-plugin:0.8.8:report"/>
    <property name="java.home" value="/usr/lib/jvm/java-17-openjdk"/>
    <property name="user.language" value="en"/>
    <property name="java.specification.vendor" value="Oracle Corporation"/>
    <property name="java.vm.info" value="mixed mode"/>
    <property name="java.version" value="17.0.7"/>
    <property name="native.encoding" value="UTF-8"/>
    <property name="java.vendor" value="N/A"/>
    <property name="sun.stderr.encoding" value="UTF-8"/>
    <property name="maven.home" value="/opt/maven"/>
    <property name="file.separator" value="/"/>
    <property name="java.version.date" value="2023-04-18"/>
    <property name="java.vendor.url.bug" value="https://bugreport.java.com/bugreport/"/>
    <property name="sun.io.unicode.encoding" value="UnicodeLittle"/>
    <property name="sun.cpu.endian" value="little"/>
    <property name="sun.stdout.encoding" value="UTF-8"/>
  </properties>
  <testcase classname="FornecedorTest" name="FornecedorTest.testClone1" time="0"/>
  <testcase classname="FornecedorTest" name="FornecedorTest.testClone2" time="0"/>
  <testcase classname="FornecedorTest" name="FornecedorTest.testSetPrecoBase1" time="0"/>
  <testcase classname="FornecedorTest" name="FornecedorTest.testSetPrecoBase2" time="0"/>
  <testcase classname="FornecedorTest" name="FornecedorTest.testSetImposto1" time="0"/>
  <testcase classname="FornecedorTest" name="FornecedorTest.testSetImposto2" time="0"/>
  <testcase classname="FornecedorTest" name="FornecedorTest.testSetMultiplicador1" time="0"/>
  <testcase classname="FornecedorTest" name="FornecedorTest.testSetMultiplicador2" time="0"/>
  <testcase classname="FornecedorTest" name="FornecedorTest.testSetFaturas1" time="0.001">
    <failure message="expected: &lt;{2023=[Fatura{NIF=0, valorFaturação=0.0, data_inicio=2023-05-12, data_fim=2023-05-12}
]}&gt; but was: &lt;{}&gt;" type="org.opentest4j.AssertionFailedError">org.opentest4j.AssertionFailedError: expected: &lt;{2023=[Fatura{NIF=0, valorFaturação=0.0, data_inicio=2023-05-12, data_fim=2023-05-12}
]}&gt; but was: &lt;{}&gt;
	at org.junit.jupiter.api.AssertionFailureBuilder.build(AssertionFailureBuilder.java:151)
	at org.junit.jupiter.api.AssertionFailureBuilder.buildAndThrow(AssertionFailureBuilder.java:132)
	at org.junit.jupiter.api.AssertEquals.failNotEqual(AssertEquals.java:197)
	at org.junit.jupiter.api.AssertEquals.assertEquals(AssertEquals.java:182)
	at org.junit.jupiter.api.AssertEquals.assertEquals(AssertEquals.java:177)
	at org.junit.jupiter.api.Assertions.assertEquals(Assertions.java:1142)
	at FornecedorTest.testSetFaturas1(FornecedorTest.java:173)
</failure>
  </testcase>
  <testcase classname="FornecedorTest" name="FornecedorTest.testSetFaturas2" time="0.01">
    <failure message="expected: &lt;{2023=[Fatura{NIF=0, valorFaturação=0.0, data_inicio=2023-05-12, data_fim=2023-05-12}
]}&gt; but was: &lt;{}&gt;" type="org.opentest4j.AssertionFailedError">org.opentest4j.AssertionFailedError: expected: &lt;{2023=[Fatura{NIF=0, valorFaturação=0.0, data_inicio=2023-05-12, data_fim=2023-05-12}
]}&gt; but was: &lt;{}&gt;
	at org.junit.jupiter.api.AssertionFailureBuilder.build(AssertionFailureBuilder.java:151)
	at org.junit.jupiter.api.AssertionFailureBuilder.buildAndThrow(AssertionFailureBuilder.java:132)
	at org.junit.jupiter.api.AssertEquals.failNotEqual(AssertEquals.java:197)
	at org.junit.jupiter.api.AssertEquals.assertEquals(AssertEquals.java:182)
	at org.junit.jupiter.api.AssertEquals.assertEquals(AssertEquals.java:177)
	at org.junit.jupiter.api.Assertions.assertEquals(Assertions.java:1142)
	at FornecedorTest.testSetFaturas2(FornecedorTest.java:187)
</failure>
  </testcase>
  <testcase classname="FornecedorTest" name="FornecedorTest.testGetFaturasDoNIF1" time="0.001">
    <failure message="Cannot invoke &quot;java.util.List.stream()&quot; because the return value of &quot;java.util.Map.get(Object)&quot; is null" type="java.lang.NullPointerException">java.lang.NullPointerException: Cannot invoke &quot;java.util.List.stream()&quot; because the return value of &quot;java.util.Map.get(Object)&quot; is null
	at org.example.Fornecedor.Fornecedor.getFaturasDoNIF(Fornecedor.java:113)
	at FornecedorTest.testGetFaturasDoNIF1(FornecedorTest.java:203)
</failure>
  </testcase>
  <testcase classname="FornecedorTest" name="FornecedorTest.testGetFaturasDoNIF2" time="0.001">
    <failure message="Cannot invoke &quot;java.util.List.stream()&quot; because the return value of &quot;java.util.Map.get(Object)&quot; is null" type="java.lang.NullPointerException">java.lang.NullPointerException: Cannot invoke &quot;java.util.List.stream()&quot; because the return value of &quot;java.util.Map.get(Object)&quot; is null
	at org.example.Fornecedor.Fornecedor.getFaturasDoNIF(Fornecedor.java:113)
	at FornecedorTest.testGetFaturasDoNIF2(FornecedorTest.java:222)
</failure>
  </testcase>
  <testcase classname="FornecedorTest" name="FornecedorTest.testAddFatura1" time="0.01"/>
  <testcase classname="FornecedorTest" name="FornecedorTest.testAddFatura2" time="0"/>
  <testcase classname="FornecedorTest" name="FornecedorTest.testTemFaturas1" time="0.002">
    <failure message="expected: &lt;true&gt; but was: &lt;false&gt;" type="org.opentest4j.AssertionFailedError">org.opentest4j.AssertionFailedError: expected: &lt;true&gt; but was: &lt;false&gt;
	at org.junit.jupiter.api.AssertionFailureBuilder.build(AssertionFailureBuilder.java:151)
	at org.junit.jupiter.api.AssertionFailureBuilder.buildAndThrow(AssertionFailureBuilder.java:132)
	at org.junit.jupiter.api.AssertTrue.failNotTrue(AssertTrue.java:63)
	at org.junit.jupiter.api.AssertTrue.assertTrue(AssertTrue.java:36)
	at org.junit.jupiter.api.AssertTrue.assertTrue(AssertTrue.java:31)
	at org.junit.jupiter.api.Assertions.assertTrue(Assertions.java:180)
	at FornecedorTest.testTemFaturas1(FornecedorTest.java:266)
</failure>
  </testcase>
  <testcase classname="FornecedorTest" name="FornecedorTest.testTemFaturas2" time="0.001">
    <failure message="expected: &lt;true&gt; but was: &lt;false&gt;" type="org.opentest4j.AssertionFailedError">org.opentest4j.AssertionFailedError: expected: &lt;true&gt; but was: &lt;false&gt;
	at org.junit.jupiter.api.AssertionFailureBuilder.build(AssertionFailureBuilder.java:151)
	at org.junit.jupiter.api.AssertionFailureBuilder.buildAndThrow(AssertionFailureBuilder.java:132)
	at org.junit.jupiter.api.AssertTrue.failNotTrue(AssertTrue.java:63)
	at org.junit.jupiter.api.AssertTrue.assertTrue(AssertTrue.java:36)
	at org.junit.jupiter.api.AssertTrue.assertTrue(AssertTrue.java:31)
	at org.junit.jupiter.api.Assertions.assertTrue(Assertions.java:180)
	at FornecedorTest.testTemFaturas2(FornecedorTest.java:283)
</failure>
  </testcase>
  <testcase classname="FornecedorTest" name="FornecedorTest.testConstructor" time="0.001"/>
</testsuite>