<?xml version="1.0" encoding="UTF-8" ?>
<testsuite tests="17" failures="6" name="FornecedorTest" time="0.027" errors="0" skipped="0">
  <properties>
[...]
</properties>
  <testcase classname="FornecedorTest" name="FornecedorTest.testClone1" time="0"/>
  <testcase classname="FornecedorTest" name="FornecedorTest.testClone2" time="0"/>
  <testcase classname="FornecedorTest" name="FornecedorTest.testSetPrecoBase1" time="0"/>
  <testcase classname="FornecedorTest" name="FornecedorTest.testSetPrecoBase2" time="0"/>
  <testcase classname="FornecedorTest" name="FornecedorTest.testSetImposto1" time="0"/>
  <testcase classname="FornecedorTest" name="FornecedorTest.testSetImposto2" time="0"/>
  <testcase classname="FornecedorTest" name="FornecedorTest.testSetMultiplicador1" time="0"/>
  <testcase classname="FornecedorTest" name="FornecedorTest.testSetMultiplicador2" time="0"/>
  <testcase classname="FornecedorTest" name="FornecedorTest.testSetFaturas1" time="0.001">
    <failure message="expected: &lt;{2023=[Fatura{NIF=0, valorFaturação=0.0, data_inicio=2023-05-12, data_fim=2023-05-12}
]}&gt; but was: &lt;{}&gt;" type="org.opentest4j.AssertionFailedError">org.opentest4j.AssertionFailedError: expected: &lt;{2023=[Fatura{NIF=0, valorFaturação=0.0, data_inicio=2023-05-12, data_fim=2023-05-12}
]}&gt; but was: &lt;{}&gt;
	at org.junit.jupiter.api.AssertionFailureBuilder.build(AssertionFailureBuilder.java:151)
	at org.junit.jupiter.api.AssertionFailureBuilder.buildAndThrow(AssertionFailureBuilder.java:132)
	at org.junit.jupiter.api.AssertEquals.failNotEqual(AssertEquals.java:197)
	at org.junit.jupiter.api.AssertEquals.assertEquals(AssertEquals.java:182)
	at org.junit.jupiter.api.AssertEquals.assertEquals(AssertEquals.java:177)
	at org.junit.jupiter.api.Assertions.assertEquals(Assertions.java:1142)
	at FornecedorTest.testSetFaturas1(FornecedorTest.java:173)
</failure>
  </testcase>
  <testcase classname="FornecedorTest" name="FornecedorTest.testSetFaturas2" time="0.01">
    <failure message="expected: &lt;{2023=[Fatura{NIF=0, valorFaturação=0.0, data_inicio=2023-05-12, data_fim=2023-05-12}
]}&gt; but was: &lt;{}&gt;" type="org.opentest4j.AssertionFailedError">org.opentest4j.AssertionFailedError: expected: &lt;{2023=[Fatura{NIF=0, valorFaturação=0.0, data_inicio=2023-05-12, data_fim=2023-05-12}
]}&gt; but was: &lt;{}&gt;
	at org.junit.jupiter.api.AssertionFailureBuilder.build(AssertionFailureBuilder.java:151)
	at org.junit.jupiter.api.AssertionFailureBuilder.buildAndThrow(AssertionFailureBuilder.java:132)
	at org.junit.jupiter.api.AssertEquals.failNotEqual(AssertEquals.java:197)
	at org.junit.jupiter.api.AssertEquals.assertEquals(AssertEquals.java:182)
	at org.junit.jupiter.api.AssertEquals.assertEquals(AssertEquals.java:177)
	at org.junit.jupiter.api.Assertions.assertEquals(Assertions.java:1142)
	at FornecedorTest.testSetFaturas2(FornecedorTest.java:187)
</failure>
  </testcase>
  <testcase classname="FornecedorTest" name="FornecedorTest.testGetFaturasDoNIF1" time="0.001">
    <failure message="Cannot invoke &quot;java.util.List.stream()&quot; because the return value of &quot;java.util.Map.get(Object)&quot; is null" type="java.lang.NullPointerException">java.lang.NullPointerException: Cannot invoke &quot;java.util.List.stream()&quot; because the return value of &quot;java.util.Map.get(Object)&quot; is null
	at org.example.Fornecedor.Fornecedor.getFaturasDoNIF(Fornecedor.java:113)
	at FornecedorTest.testGetFaturasDoNIF1(FornecedorTest.java:203)
</failure>
  </testcase>
  <testcase classname="FornecedorTest" name="FornecedorTest.testGetFaturasDoNIF2" time="0.001">
    <failure message="Cannot invoke &quot;java.util.List.stream()&quot; because the return value of &quot;java.util.Map.get(Object)&quot; is null" type="java.lang.NullPointerException">java.lang.NullPointerException: Cannot invoke &quot;java.util.List.stream()&quot; because the return value of &quot;java.util.Map.get(Object)&quot; is null
	at org.example.Fornecedor.Fornecedor.getFaturasDoNIF(Fornecedor.java:113)
	at FornecedorTest.testGetFaturasDoNIF2(FornecedorTest.java:222)
</failure>
  </testcase>
  <testcase classname="FornecedorTest" name="FornecedorTest.testAddFatura1" time="0.01"/>
  <testcase classname="FornecedorTest" name="FornecedorTest.testAddFatura2" time="0"/>
  <testcase classname="FornecedorTest" name="FornecedorTest.testTemFaturas1" time="0.002">
    <failure message="expected: &lt;true&gt; but was: &lt;false&gt;" type="org.opentest4j.AssertionFailedError">org.opentest4j.AssertionFailedError: expected: &lt;true&gt; but was: &lt;false&gt;
	at org.junit.jupiter.api.AssertionFailureBuilder.build(AssertionFailureBuilder.java:151)
	at org.junit.jupiter.api.AssertionFailureBuilder.buildAndThrow(AssertionFailureBuilder.java:132)
	at org.junit.jupiter.api.AssertTrue.failNotTrue(AssertTrue.java:63)
	at org.junit.jupiter.api.AssertTrue.assertTrue(AssertTrue.java:36)
	at org.junit.jupiter.api.AssertTrue.assertTrue(AssertTrue.java:31)
	at org.junit.jupiter.api.Assertions.assertTrue(Assertions.java:180)
	at FornecedorTest.testTemFaturas1(FornecedorTest.java:266)
</failure>
  </testcase>
  <testcase classname="FornecedorTest" name="FornecedorTest.testTemFaturas2" time="0.001">
    <failure message="expected: &lt;true&gt; but was: &lt;false&gt;" type="org.opentest4j.AssertionFailedError">org.opentest4j.AssertionFailedError: expected: &lt;true&gt; but was: &lt;false&gt;
	at org.junit.jupiter.api.AssertionFailureBuilder.build(AssertionFailureBuilder.java:151)
	at org.junit.jupiter.api.AssertionFailureBuilder.buildAndThrow(AssertionFailureBuilder.java:132)
	at org.junit.jupiter.api.AssertTrue.failNotTrue(AssertTrue.java:63)
	at org.junit.jupiter.api.AssertTrue.assertTrue(AssertTrue.java:36)
	at org.junit.jupiter.api.AssertTrue.assertTrue(AssertTrue.java:31)
	at org.junit.jupiter.api.Assertions.assertTrue(Assertions.java:180)
	at FornecedorTest.testTemFaturas2(FornecedorTest.java:283)
</failure>
  </testcase>
  <testcase classname="FornecedorTest" name="FornecedorTest.testConstructor" time="0.001"/>
</testsuite>