<?xml version="1.0" encoding="UTF-8" ?>
<testsuite tests="14" failures="1" name="CasaInteligenteTest" time="0.057" errors="0" skipped="0">
  <properties>
[...]
</properties>
  <testcase classname="CasaInteligenteTest" name="CasaInteligenteTest.testAddToRoom" time="0.025"/>
  <testcase classname="CasaInteligenteTest" name="CasaInteligenteTest.testSetNIF" time="0.002"/>
  <testcase classname="CasaInteligenteTest" name="CasaInteligenteTest.testGetDevices" time="0.003"/>
  <testcase classname="CasaInteligenteTest" name="CasaInteligenteTest.testSetDevices" time="0"/>
  <testcase classname="CasaInteligenteTest" name="CasaInteligenteTest.testGetLocations" time="0"/>
  <testcase classname="CasaInteligenteTest" name="CasaInteligenteTest.testConstructor" time="0"/>
  <testcase classname="CasaInteligenteTest" name="CasaInteligenteTest.testAddFindDevice" time="0"/>
  <testcase classname="CasaInteligenteTest" name="CasaInteligenteTest.testGetDevice" time="0"/>
  <testcase classname="CasaInteligenteTest" name="CasaInteligenteTest.testSetOn" time="0"/>
  <testcase classname="CasaInteligenteTest" name="CasaInteligenteTest.testSetAllOn" time="0.021">
    <failure message="expected: &lt;false&gt; but was: &lt;true&gt;" type="org.opentest4j.AssertionFailedError">org.opentest4j.AssertionFailedError: expected: &lt;false&gt; but was: &lt;true&gt;
	at org.junit.jupiter.api.AssertionFailureBuilder.build(AssertionFailureBuilder.java:151)
	at org.junit.jupiter.api.AssertionFailureBuilder.buildAndThrow(AssertionFailureBuilder.java:132)
	at org.junit.jupiter.api.AssertFalse.failNotFalse(AssertFalse.java:63)
	at org.junit.jupiter.api.AssertFalse.assertFalse(AssertFalse.java:36)
	at org.junit.jupiter.api.AssertFalse.assertFalse(AssertFalse.java:31)
	at org.junit.jupiter.api.Assertions.assertFalse(Assertions.java:228)
	at CasaInteligenteTest.testSetAllOn(CasaInteligenteTest.java:113)
</failure>
  </testcase>
  <testcase classname="CasaInteligenteTest" name="CasaInteligenteTest.testAddRoom" time="0"/>
  <testcase classname="CasaInteligenteTest" name="CasaInteligenteTest.testGetNome_proprietario" time="0.004"/>
  <testcase classname="CasaInteligenteTest" name="CasaInteligenteTest.testSetNome_proprietario" time="0.002"/>
  <testcase classname="CasaInteligenteTest" name="CasaInteligenteTest.testGetNIF" time="0"/>
</testsuite>