<?xml version="1.0" encoding="UTF-8" ?>
<testsuite tests="8" failures="8" name="SistemaTest" time="0.011" errors="0" skipped="0">
  <properties>
[...]
</properties>
  <testcase classname="SistemaTest" name="SistemaTest.testGetListaCasas" time="0">
    <failure message="Cannot invoke &quot;org.example.Sistema.Sistema.getListaCasas()&quot; because &quot;this.sistema&quot; is null" type="java.lang.NullPointerException">java.lang.NullPointerException: Cannot invoke &quot;org.example.Sistema.Sistema.getListaCasas()&quot; because &quot;this.sistema&quot; is null
	at SistemaTest.testGetListaCasas(SistemaTest.java:27)
</failure>
  </testcase>
  <testcase classname="SistemaTest" name="SistemaTest.testSetListaCasas" time="0">
    <failure message="Cannot invoke &quot;java.util.HashMap.put(Object, Object)&quot; because &quot;this.listaCasas&quot; is null" type="java.lang.NullPointerException">java.lang.NullPointerException: Cannot invoke &quot;java.util.HashMap.put(Object, Object)&quot; because &quot;this.listaCasas&quot; is null
	at SistemaTest.testSetListaCasas(SistemaTest.java:36)
</failure>
  </testcase>
  <testcase classname="SistemaTest" name="SistemaTest.testGetListaFornecedores" time="0">
    <failure message="Cannot invoke &quot;org.example.Sistema.Sistema.getListaFornecedores()&quot; because &quot;this.sistema&quot; is null" type="java.lang.NullPointerException">java.lang.NullPointerException: Cannot invoke &quot;org.example.Sistema.Sistema.getListaFornecedores()&quot; because &quot;this.sistema&quot; is null
	at SistemaTest.testGetListaFornecedores(SistemaTest.java:47)
</failure>
  </testcase>
  <testcase classname="SistemaTest" name="SistemaTest.testGetTime" time="0">
    <failure message="Cannot invoke &quot;org.example.Sistema.Sistema.getTime()&quot; because &quot;this.sistema&quot; is null" type="java.lang.NullPointerException">java.lang.NullPointerException: Cannot invoke &quot;org.example.Sistema.Sistema.getTime()&quot; because &quot;this.sistema&quot; is null
	at SistemaTest.testGetTime(SistemaTest.java:55)
</failure>
  </testcase>
  <testcase classname="SistemaTest" name="SistemaTest.testSetTime" time="0.007">
    <failure message="Cannot invoke &quot;org.example.Sistema.Sistema.setTime(java.time.LocalDate)&quot; because &quot;this.sistema&quot; is null" type="java.lang.NullPointerException">java.lang.NullPointerException: Cannot invoke &quot;org.example.Sistema.Sistema.setTime(java.time.LocalDate)&quot; because &quot;this.sistema&quot; is null
	at SistemaTest.testSetTime(SistemaTest.java:63)
</failure>
  </testcase>
  <testcase classname="SistemaTest" name="SistemaTest.testGetNrCasasInteligentes" time="0.002">
    <failure message="Cannot invoke &quot;org.example.Sistema.Sistema.getNrCasasInteligentes()&quot; because &quot;this.sistema&quot; is null" type="java.lang.NullPointerException">java.lang.NullPointerException: Cannot invoke &quot;org.example.Sistema.Sistema.getNrCasasInteligentes()&quot; because &quot;this.sistema&quot; is null
	at SistemaTest.testGetNrCasasInteligentes(SistemaTest.java:71)
</failure>
  </testcase>
  <testcase classname="SistemaTest" name="SistemaTest.testGetNrFornecedores" time="0.001">
    <failure message="Cannot invoke &quot;org.example.Sistema.Sistema.getNrFornecedores()&quot; because &quot;this.sistema&quot; is null" type="java.lang.NullPointerException">java.lang.NullPointerException: Cannot invoke &quot;org.example.Sistema.Sistema.getNrFornecedores()&quot; because &quot;this.sistema&quot; is null
	at SistemaTest.testGetNrFornecedores(SistemaTest.java:76)
</failure>
  </testcase>
  <testcase classname="SistemaTest" name="SistemaTest.testAdicionaDivisao" time="0.001">
    <failure message="Cannot invoke &quot;java.util.HashMap.put(Object, Object)&quot; because &quot;this.listaCasas&quot; is null" type="java.lang.NullPointerException">java.lang.NullPointerException: Cannot invoke &quot;java.util.HashMap.put(Object, Object)&quot; because &quot;this.listaCasas&quot; is null
	at SistemaTest.testAdicionaDivisao(SistemaTest.java:83)
</failure>
  </testcase>
</testsuite>