<?xml version="1.0" encoding="UTF-8" ?>
<testsuite tests="12" failures="0" name="SmartBulbTest" time="0.008" errors="0" skipped="0">
  <properties>
[...]
</properties>
  <testcase classname="SmartBulbTest" name="SmartBulbTest.testEquals" time="0"/>
  <testcase classname="SmartBulbTest" name="SmartBulbTest.testClone" time="0"/>
  <testcase classname="SmartBulbTest" name="SmartBulbTest.testGetConsume" time="0"/>
  <testcase classname="SmartBulbTest" name="SmartBulbTest.testContructor" time="0"/>
  <testcase classname="SmartBulbTest" name="SmartBulbTest.testGetTone" time="0"/>
  <testcase classname="SmartBulbTest" name="SmartBulbTest.testSetTone" time="0.004"/>
  <testcase classname="SmartBulbTest" name="SmartBulbTest.testCloneeEquals" time="0"/>
  <testcase classname="SmartBulbTest" name="SmartBulbTest.testGetTone2" time="0.004"/>
  <testcase classname="SmartBulbTest" name="SmartBulbTest.testSetTone2" time="0"/>
  <testcase classname="SmartBulbTest" name="SmartBulbTest.testSetToneInvalid" time="0"/>
  <testcase classname="SmartBulbTest" name="SmartBulbTest.testGetHeight" time="0"/>
  <testcase classname="SmartBulbTest" name="SmartBulbTest.testSetHeight" time="0"/>
</testsuite>