<?xml version="1.0" encoding="UTF-8" ?>
<testsuite tests="15" failures="5" name="SmartDeviceTest" time="0.003" errors="0" skipped="0">
  <properties>
[...]
</properties>
  <testcase classname="SmartDeviceTest" name="SmartDeviceTest.testGetOn" time="0">
    <failure message="expected: &lt;true&gt; but was: &lt;false&gt;" type="org.opentest4j.AssertionFailedError">org.opentest4j.AssertionFailedError: expected: &lt;true&gt; but was: &lt;false&gt;
	at org.junit.jupiter.api.AssertionFailureBuilder.build(AssertionFailureBuilder.java:151)
	at org.junit.jupiter.api.AssertionFailureBuilder.buildAndThrow(AssertionFailureBuilder.java:132)
	at org.junit.jupiter.api.AssertTrue.failNotTrue(AssertTrue.java:63)
	at org.junit.jupiter.api.AssertTrue.assertTrue(AssertTrue.java:36)
	at org.junit.jupiter.api.AssertTrue.assertTrue(AssertTrue.java:31)
	at org.junit.jupiter.api.Assertions.assertTrue(Assertions.java:180)
	at SmartDeviceTest.testGetOn(SmartDeviceTest.java:88)
</failure>
  </testcase>
  <testcase classname="SmartDeviceTest" name="SmartDeviceTest.testTurnOn" time="0"/>
  <testcase classname="SmartDeviceTest" name="SmartDeviceTest.testTurnOff" time="0"/>
  <testcase classname="SmartDeviceTest" name="SmartDeviceTest.testGetID" time="0"/>
  <testcase classname="SmartDeviceTest" name="SmartDeviceTest.testEquals" time="0">
    <failure message="expected: &lt;id=&apos;device1&apos;, on=&apos;false&apos;&gt; but was: &lt;id=&apos;device1&apos;, on=&apos;true&apos;&gt;" type="org.opentest4j.AssertionFailedError">org.opentest4j.AssertionFailedError: expected: &lt;id=&apos;device1&apos;, on=&apos;false&apos;&gt; but was: &lt;id=&apos;device1&apos;, on=&apos;true&apos;&gt;
	at org.junit.jupiter.api.AssertionFailureBuilder.build(AssertionFailureBuilder.java:151)
	at org.junit.jupiter.api.AssertionFailureBuilder.buildAndThrow(AssertionFailureBuilder.java:132)
	at org.junit.jupiter.api.AssertEquals.failNotEqual(AssertEquals.java:197)
	at org.junit.jupiter.api.AssertEquals.assertEquals(AssertEquals.java:182)
	at org.junit.jupiter.api.AssertEquals.assertEquals(AssertEquals.java:177)
	at org.junit.jupiter.api.Assertions.assertEquals(Assertions.java:1142)
	at SmartDeviceTest.testEquals(SmartDeviceTest.java:131)
</failure>
  </testcase>
  <testcase classname="SmartDeviceTest" name="SmartDeviceTest.testClone" time="0.002">
    <failure message="expected: &lt;id=&apos;device1&apos;, on=&apos;true&apos;&gt; but was: &lt;id=&apos;device1&apos;, on=&apos;false&apos;&gt;" type="org.opentest4j.AssertionFailedError">org.opentest4j.AssertionFailedError: expected: &lt;id=&apos;device1&apos;, on=&apos;true&apos;&gt; but was: &lt;id=&apos;device1&apos;, on=&apos;false&apos;&gt;
	at org.junit.jupiter.api.AssertionFailureBuilder.build(AssertionFailureBuilder.java:151)
	at org.junit.jupiter.api.AssertionFailureBuilder.buildAndThrow(AssertionFailureBuilder.java:132)
	at org.junit.jupiter.api.AssertEquals.failNotEqual(AssertEquals.java:197)
	at org.junit.jupiter.api.AssertEquals.assertEquals(AssertEquals.java:182)
	at org.junit.jupiter.api.AssertEquals.assertEquals(AssertEquals.java:177)
	at org.junit.jupiter.api.Assertions.assertEquals(Assertions.java:1142)
	at SmartDeviceTest.testClone(SmartDeviceTest.java:139)
</failure>
  </testcase>
  <testcase classname="SmartDeviceTest" name="SmartDeviceTest.testGetConsume2" time="0"/>
  <testcase classname="SmartDeviceTest" name="SmartDeviceTest.testGetOn2" time="0">
    <failure message="expected: &lt;true&gt; but was: &lt;false&gt;" type="org.opentest4j.AssertionFailedError">org.opentest4j.AssertionFailedError: expected: &lt;true&gt; but was: &lt;false&gt;
	at org.junit.jupiter.api.AssertionFailureBuilder.build(AssertionFailureBuilder.java:151)
	at org.junit.jupiter.api.AssertionFailureBuilder.buildAndThrow(AssertionFailureBuilder.java:132)
	at org.junit.jupiter.api.AssertTrue.failNotTrue(AssertTrue.java:63)
	at org.junit.jupiter.api.AssertTrue.assertTrue(AssertTrue.java:36)
	at org.junit.jupiter.api.AssertTrue.assertTrue(AssertTrue.java:31)
	at org.junit.jupiter.api.Assertions.assertTrue(Assertions.java:180)
	at SmartDeviceTest.testGetOn2(SmartDeviceTest.java:154)
</failure>
  </testcase>
  <testcase classname="SmartDeviceTest" name="SmartDeviceTest.testSetOn2" time="0"/>
  <testcase classname="SmartDeviceTest" name="SmartDeviceTest.testTurnOn2" time="0"/>
  <testcase classname="SmartDeviceTest" name="SmartDeviceTest.testTurnOff2" time="0"/>
  <testcase classname="SmartDeviceTest" name="SmartDeviceTest.testGetID2" time="0"/>
  <testcase classname="SmartDeviceTest" name="SmartDeviceTest.testEquals2" time="0">
    <failure message="expected: &lt;id=&apos;device1&apos;, on=&apos;false&apos;&gt; but was: &lt;id=&apos;device1&apos;, on=&apos;true&apos;&gt;" type="org.opentest4j.AssertionFailedError">org.opentest4j.AssertionFailedError: expected: &lt;id=&apos;device1&apos;, on=&apos;false&apos;&gt; but was: &lt;id=&apos;device1&apos;, on=&apos;true&apos;&gt;
	at org.junit.jupiter.api.AssertionFailureBuilder.build(AssertionFailureBuilder.java:151)
	at org.junit.jupiter.api.AssertionFailureBuilder.buildAndThrow(AssertionFailureBuilder.java:132)
	at org.junit.jupiter.api.AssertEquals.failNotEqual(AssertEquals.java:197)
	at org.junit.jupiter.api.AssertEquals.assertEquals(AssertEquals.java:182)
	at org.junit.jupiter.api.AssertEquals.assertEquals(AssertEquals.java:177)
	at org.junit.jupiter.api.Assertions.assertEquals(Assertions.java:1142)
	at SmartDeviceTest.testEquals2(SmartDeviceTest.java:194)
</failure>
  </testcase>
  <testcase classname="SmartDeviceTest" name="SmartDeviceTest.testGetConsume" time="0.001"/>
  <testcase classname="SmartDeviceTest" name="SmartDeviceTest.testSetOn" time="0"/>
</testsuite>